mode: set
login-demo/internal/controller/manager/tenant.go:24.128,28.33 4 1
login-demo/internal/controller/manager/tenant.go:28.33,34.3 1 1
login-demo/internal/controller/manager/tenant.go:35.2,35.8 1 1
login-demo/internal/controller/manager/tenant.go:39.120,40.31 1 1
login-demo/internal/controller/manager/tenant.go:40.31,43.3 2 0
login-demo/internal/controller/manager/tenant.go:44.2,44.75 1 1
login-demo/internal/controller/manager/tenant.go:44.75,49.17 2 1
login-demo/internal/controller/manager/tenant.go:49.17,51.4 1 0
login-demo/internal/controller/manager/tenant.go:53.3,65.16 7 1
login-demo/internal/controller/manager/tenant.go:65.16,68.4 2 0
login-demo/internal/controller/manager/tenant.go:69.3,69.17 1 1
login-demo/internal/controller/manager/tenant.go:69.17,71.4 1 0
login-demo/internal/controller/manager/tenant.go:72.3,73.17 2 1
login-demo/internal/controller/manager/tenant.go:73.17,75.4 1 0
login-demo/internal/controller/manager/tenant.go:76.3,83.17 2 1
login-demo/internal/controller/manager/tenant.go:83.17,85.4 1 0
login-demo/internal/controller/manager/tenant.go:86.3,86.13 1 1
login-demo/internal/controller/manager/tenant.go:88.2,88.8 1 1
login-demo/internal/controller/manager/tenant.go:92.109,96.33 4 1
login-demo/internal/controller/manager/tenant.go:96.33,108.3 1 1
login-demo/internal/controller/manager/tenant.go:109.2,110.8 2 1
login-demo/internal/controller/manager/tenant.go:114.106,125.2 3 1
login-demo/internal/controller/manager/tenant.go:128.106,131.2 2 1
login-demo/internal/controller/manager/tenant.go:134.115,146.2 3 1
login-demo/internal/controller/wx/wx_charge.go:22.124,35.16 5 1
login-demo/internal/controller/wx/wx_charge.go:35.16,37.3 1 0
login-demo/internal/controller/wx/wx_charge.go:39.2,40.24 2 1
login-demo/internal/controller/wx/wx_charge.go:40.24,43.3 1 1
login-demo/internal/controller/wx/wx_charge.go:46.2,47.35 2 1
login-demo/internal/controller/wx/wx_charge.go:47.35,80.17 10 1
login-demo/internal/controller/wx/wx_charge.go:80.17,83.4 2 0
login-demo/internal/controller/wx/wx_charge.go:84.3,84.34 1 1
login-demo/internal/controller/wx/wx_charge.go:84.34,86.4 1 1
login-demo/internal/controller/wx/wx_charge.go:86.9,89.4 1 0
login-demo/internal/controller/wx/wx_charge.go:94.2,94.51 1 1
login-demo/internal/controller/wx/wx_charge.go:94.51,96.3 1 1
login-demo/internal/controller/wx/wx_charge.go:99.2,100.8 2 1
login-demo/internal/controller/wx/wx_charge.go:104.117,111.29 5 1
login-demo/internal/controller/wx/wx_charge.go:111.29,121.3 1 1
login-demo/internal/controller/wx/wx_charge.go:122.2,123.8 2 1
login-demo/internal/controller/wx/wx_charge.go:127.125,130.2 2 1
login-demo/internal/controller/wx/wx_charge.go:133.122,136.2 2 1
login-demo/internal/controller/wx/wx_charge.go:139.125,144.16 3 1
login-demo/internal/controller/wx/wx_charge.go:144.16,147.3 2 1
login-demo/internal/controller/wx/wx_charge.go:148.2,154.36 4 1
login-demo/internal/controller/wx/wx_charge.go:154.36,171.3 1 1
login-demo/internal/controller/wx/wx_charge.go:172.2,173.8 2 1
login-demo/internal/controller/wx/wx_charge.go:177.111,180.16 2 1
login-demo/internal/controller/wx/wx_charge.go:180.16,182.3 1 1
login-demo/internal/controller/wx/wx_charge.go:183.2,184.8 2 1
login-demo/internal/controller/wx/wx_charge.go:188.119,192.43 4 1
login-demo/internal/controller/wx/wx_charge.go:192.43,202.3 1 1
login-demo/internal/controller/wx/wx_charge.go:203.2,204.8 2 1
login-demo/internal/controller/wx/wx_login.go:17.105,20.16 3 0
login-demo/internal/controller/wx/wx_login.go:20.16,22.3 1 0
login-demo/internal/controller/wx/wx_login.go:24.2,25.16 2 0
login-demo/internal/controller/wx/wx_login.go:25.16,26.27 1 0
login-demo/internal/controller/wx/wx_login.go:26.27,29.4 2 0
login-demo/internal/controller/wx/wx_login.go:30.3,30.9 1 0
login-demo/internal/controller/wx/wx_login.go:32.2,33.16 2 0
login-demo/internal/controller/wx/wx_login.go:33.16,35.3 1 0
login-demo/internal/controller/wx/wx_login.go:36.2,39.8 2 0
login-demo/internal/controller/wx/wx_login.go:43.114,46.16 2 0
login-demo/internal/controller/wx/wx_login.go:46.16,49.3 2 0
login-demo/internal/controller/wx/wx_login.go:52.2,53.16 2 0
login-demo/internal/controller/wx/wx_login.go:53.16,55.3 1 0
login-demo/internal/controller/wx/wx_login.go:58.2,59.16 2 0
login-demo/internal/controller/wx/wx_login.go:59.16,61.3 1 0
login-demo/internal/controller/wx/wx_login.go:64.2,65.16 2 0
login-demo/internal/controller/wx/wx_login.go:65.16,67.3 1 0
login-demo/internal/controller/wx/wx_login.go:69.2,73.17 2 0
login-demo/internal/controller/wx/wx_login.go:77.114,80.16 3 0
login-demo/internal/controller/wx/wx_login.go:80.16,83.3 2 0
login-demo/internal/controller/wx/wx_login.go:84.2,85.8 2 0
login-demo/internal/controller/wx/wx_login.go:89.121,92.2 2 0
login-demo/internal/packed/geo/geo.go:15.66,36.2 13 1
login-demo/internal/packed/geo/geo.go:39.34,42.2 2 1
login-demo/internal/packed/jwt/jwt_handler.go:16.13,20.2 3 1
login-demo/internal/packed/jwt/jwt_handler.go:28.84,37.2 3 1
login-demo/internal/packed/jwt/jwt_handler.go:40.60,42.93 2 1
login-demo/internal/packed/jwt/jwt_handler.go:42.93,44.3 1 1
login-demo/internal/packed/jwt/jwt_handler.go:45.2,46.8 2 1
login-demo/internal/packed/jwt/jwt_handler.go:50.79,52.90 2 1
login-demo/internal/packed/jwt/jwt_handler.go:52.90,54.3 1 1
login-demo/internal/packed/jwt/jwt_handler.go:55.2,55.8 1 1
login-demo/internal/logic/audit_log.go:15.151,17.39 2 1
login-demo/internal/logic/audit_log.go:17.39,19.3 1 0
login-demo/internal/logic/audit_log.go:20.2,20.37 1 1
login-demo/internal/logic/audit_log.go:20.37,22.3 1 0
login-demo/internal/logic/audit_log.go:23.2,24.8 2 1
login-demo/internal/logic/charge_order.go:28.156,30.27 2 1
login-demo/internal/logic/charge_order.go:30.27,32.3 1 0
login-demo/internal/logic/charge_order.go:33.2,33.26 1 1
login-demo/internal/logic/charge_order.go:33.26,35.3 1 0
login-demo/internal/logic/charge_order.go:36.2,36.23 1 1
login-demo/internal/logic/charge_order.go:36.23,38.3 1 0
login-demo/internal/logic/charge_order.go:39.2,39.26 1 1
login-demo/internal/logic/charge_order.go:39.26,41.3 1 0
login-demo/internal/logic/charge_order.go:42.2,42.23 1 1
login-demo/internal/logic/charge_order.go:42.23,44.3 1 0
login-demo/internal/logic/charge_order.go:45.2,45.40 1 1
login-demo/internal/logic/charge_order.go:45.40,47.3 1 0
login-demo/internal/logic/charge_order.go:48.2,48.39 1 1
login-demo/internal/logic/charge_order.go:48.39,50.3 1 0
login-demo/internal/logic/charge_order.go:51.2,51.22 1 1
login-demo/internal/logic/charge_order.go:51.22,53.3 1 0
login-demo/internal/logic/charge_order.go:54.2,55.16 2 1
login-demo/internal/logic/charge_order.go:55.16,57.3 1 0
login-demo/internal/logic/charge_order.go:58.2,58.16 1 1
login-demo/internal/logic/charge_order.go:58.16,60.3 1 0
login-demo/internal/logic/charge_order.go:61.2,62.8 2 1
login-demo/internal/logic/charge_order.go:65.83,68.16 3 0
login-demo/internal/logic/charge_order.go:68.16,70.3 1 0
login-demo/internal/logic/charge_order.go:71.2,72.16 2 0
login-demo/internal/logic/charge_order.go:72.16,74.3 1 0
login-demo/internal/logic/charge_order.go:75.2,75.23 1 0
login-demo/internal/logic/charge_order.go:75.23,78.3 2 0
login-demo/internal/logic/charge_order.go:79.2,79.12 1 0
login-demo/internal/logic/charge_order.go:84.100,87.16 2 0
login-demo/internal/logic/charge_order.go:87.16,90.3 2 0
login-demo/internal/logic/charge_order.go:92.2,92.75 1 0
login-demo/internal/logic/charge_order.go:92.75,96.17 3 0
login-demo/internal/logic/charge_order.go:96.17,99.4 2 0
login-demo/internal/logic/charge_order.go:100.3,100.22 1 0
login-demo/internal/logic/charge_order.go:100.22,103.4 2 0
login-demo/internal/logic/charge_order.go:104.3,107.17 4 0
login-demo/internal/logic/charge_order.go:107.17,110.4 2 0
login-demo/internal/logic/charge_order.go:113.3,125.13 3 0
login-demo/internal/logic/charge_order.go:127.2,127.8 1 0
login-demo/internal/logic/charge_order.go:131.83,133.75 1 0
login-demo/internal/logic/charge_order.go:133.75,137.17 3 0
login-demo/internal/logic/charge_order.go:137.17,139.4 1 0
login-demo/internal/logic/charge_order.go:140.3,140.33 1 0
login-demo/internal/logic/charge_order.go:140.33,142.4 1 0
login-demo/internal/logic/charge_order.go:143.3,144.17 2 0
login-demo/internal/logic/charge_order.go:144.17,146.4 1 0
login-demo/internal/logic/charge_order.go:149.3,150.38 2 0
login-demo/internal/logic/charge_order.go:150.38,154.4 3 0
login-demo/internal/logic/charge_order.go:155.3,160.17 4 0
login-demo/internal/logic/charge_order.go:160.17,162.4 1 0
login-demo/internal/logic/charge_order.go:165.3,166.17 2 0
login-demo/internal/logic/charge_order.go:166.17,168.4 1 0
login-demo/internal/logic/charge_order.go:170.3,171.17 2 0
login-demo/internal/logic/charge_order.go:171.17,173.4 1 0
login-demo/internal/logic/charge_order.go:174.3,174.13 1 0
login-demo/internal/logic/charge_order.go:176.2,176.8 1 0
login-demo/internal/logic/charge_order.go:180.57,183.16 3 0
login-demo/internal/logic/charge_order.go:183.16,185.3 1 0
login-demo/internal/logic/charge_order.go:186.2,186.25 1 0
login-demo/internal/logic/charge_order.go:186.25,188.3 1 0
login-demo/internal/logic/charge_order.go:189.2,191.16 3 0
login-demo/internal/logic/charge_order.go:191.16,193.3 1 0
login-demo/internal/logic/charge_order.go:194.2,194.12 1 0
login-demo/internal/logic/charge_order.go:198.79,201.16 3 0
login-demo/internal/logic/charge_order.go:201.16,203.3 1 0
login-demo/internal/logic/charge_order.go:204.2,206.16 3 0
login-demo/internal/logic/charge_order.go:206.16,208.3 1 0
login-demo/internal/logic/charge_order.go:209.2,209.12 1 0
login-demo/internal/logic/charge_order.go:219.86,232.29 5 0
login-demo/internal/logic/charge_order.go:232.29,234.42 2 0
login-demo/internal/logic/charge_order.go:234.42,235.89 1 0
login-demo/internal/logic/charge_order.go:235.89,237.10 2 0
login-demo/internal/logic/charge_order.go:240.3,241.39 2 0
login-demo/internal/logic/charge_order.go:245.2,245.14 1 0
login-demo/internal/logic/charge_order.go:245.14,247.42 2 0
login-demo/internal/logic/charge_order.go:247.42,248.89 1 0
login-demo/internal/logic/charge_order.go:248.89,250.10 2 0
login-demo/internal/logic/charge_order.go:253.3,253.21 1 0
login-demo/internal/logic/charge_order.go:256.2,257.15 2 0
login-demo/internal/logic/charge_price.go:22.141,25.2 2 0
login-demo/internal/logic/charge_price.go:27.91,30.16 3 0
login-demo/internal/logic/charge_price.go:30.16,32.3 1 0
login-demo/internal/logic/charge_price.go:33.2,34.8 2 0
login-demo/internal/logic/charge_price.go:37.71,39.16 2 0
login-demo/internal/logic/charge_price.go:39.16,41.3 1 0
login-demo/internal/logic/charge_price.go:42.2,43.16 2 0
login-demo/internal/logic/charge_price.go:43.16,45.3 1 0
login-demo/internal/logic/charge_price.go:46.2,46.23 1 0
login-demo/internal/logic/charge_price.go:46.23,49.3 2 0
login-demo/internal/logic/charge_price.go:50.2,50.8 1 0
login-demo/internal/logic/charge_price.go:53.94,56.16 3 0
login-demo/internal/logic/charge_price.go:56.16,58.3 1 0
login-demo/internal/logic/charge_price.go:59.2,60.16 2 0
login-demo/internal/logic/charge_price.go:60.16,62.3 1 0
login-demo/internal/logic/charge_price.go:63.2,63.23 1 0
login-demo/internal/logic/charge_price.go:63.23,66.3 2 0
login-demo/internal/logic/charge_price.go:67.2,67.8 1 0
login-demo/internal/logic/charge_price.go:71.134,74.2 2 0
login-demo/internal/logic/pile.go:21.131,23.26 2 0
login-demo/internal/logic/pile.go:23.26,25.3 1 0
login-demo/internal/logic/pile.go:26.2,26.22 1 0
login-demo/internal/logic/pile.go:26.22,28.3 1 0
login-demo/internal/logic/pile.go:29.2,30.8 2 0
login-demo/internal/logic/pile.go:34.88,36.28 2 0
login-demo/internal/logic/pile.go:36.28,38.3 1 0
login-demo/internal/logic/pile.go:39.2,39.23 1 0
login-demo/internal/logic/pile.go:39.23,41.3 1 0
login-demo/internal/logic/pile.go:42.2,42.24 1 0
login-demo/internal/logic/pile.go:42.24,44.3 1 0
login-demo/internal/logic/pile.go:45.2,46.8 2 0
login-demo/internal/logic/pile.go:54.70,57.16 3 0
login-demo/internal/logic/pile.go:57.16,59.3 1 0
login-demo/internal/logic/pile.go:60.2,61.8 2 0
login-demo/internal/logic/pile.go:64.64,66.16 2 0
login-demo/internal/logic/pile.go:66.16,68.3 1 0
login-demo/internal/logic/pile.go:69.2,70.16 2 0
login-demo/internal/logic/pile.go:70.16,72.3 1 0
login-demo/internal/logic/pile.go:73.2,73.23 1 0
login-demo/internal/logic/pile.go:73.23,76.3 2 0
login-demo/internal/logic/pile.go:77.2,77.8 1 0
login-demo/internal/logic/pile.go:80.73,83.16 3 0
login-demo/internal/logic/pile.go:83.16,85.3 1 0
login-demo/internal/logic/pile.go:86.2,87.16 2 0
login-demo/internal/logic/pile.go:87.16,89.3 1 0
login-demo/internal/logic/pile.go:90.2,90.23 1 0
login-demo/internal/logic/pile.go:90.23,93.3 2 0
login-demo/internal/logic/pile.go:94.2,94.8 1 0
login-demo/internal/logic/role.go:24.130,26.20 2 1
login-demo/internal/logic/role.go:26.20,28.3 1 1
login-demo/internal/logic/role.go:29.2,30.8 2 1
login-demo/internal/logic/role.go:33.71,36.16 3 0
login-demo/internal/logic/role.go:36.16,38.3 1 0
login-demo/internal/logic/role.go:39.2,40.8 2 0
login-demo/internal/logic/role.go:43.64,46.2 2 0
login-demo/internal/logic/role.go:48.73,52.2 3 0
login-demo/internal/logic/role.go:55.85,57.16 2 0
login-demo/internal/logic/role.go:57.16,60.3 2 0
login-demo/internal/logic/role.go:61.2,62.16 2 0
login-demo/internal/logic/role.go:62.16,65.3 2 0
login-demo/internal/logic/role.go:66.2,67.8 2 0
login-demo/internal/logic/role.go:71.94,78.16 4 0
login-demo/internal/logic/role.go:78.16,81.3 2 0
login-demo/internal/logic/role.go:82.2,90.16 3 0
login-demo/internal/logic/role.go:90.16,93.3 2 0
login-demo/internal/logic/role.go:94.2,94.8 1 0
login-demo/internal/logic/role_permission.go:21.102,24.16 3 0
login-demo/internal/logic/role_permission.go:24.16,26.3 1 0
login-demo/internal/logic/role_permission.go:27.2,28.16 2 0
login-demo/internal/logic/role_permission.go:28.16,30.3 1 0
login-demo/internal/logic/role_permission.go:31.2,32.8 2 0
login-demo/internal/logic/role_permission.go:35.124,38.16 3 0
login-demo/internal/logic/role_permission.go:38.16,40.3 1 0
login-demo/internal/logic/role_permission.go:41.2,41.26 1 0
login-demo/internal/logic/role_permission.go:41.26,44.3 2 0
login-demo/internal/logic/role_permission.go:45.2,46.8 2 0
login-demo/internal/logic/station.go:21.146,24.2 2 0
login-demo/internal/logic/station.go:26.79,29.16 3 0
login-demo/internal/logic/station.go:29.16,31.3 1 0
login-demo/internal/logic/station.go:32.2,33.8 2 0
login-demo/internal/logic/station.go:36.67,38.16 2 0
login-demo/internal/logic/station.go:38.16,40.3 1 0
login-demo/internal/logic/station.go:41.2,42.16 2 0
login-demo/internal/logic/station.go:42.16,44.3 1 0
login-demo/internal/logic/station.go:45.2,45.23 1 0
login-demo/internal/logic/station.go:45.23,48.3 2 0
login-demo/internal/logic/station.go:49.2,49.8 1 0
login-demo/internal/logic/station.go:52.82,55.16 3 0
login-demo/internal/logic/station.go:55.16,57.3 1 0
login-demo/internal/logic/station.go:58.2,59.16 2 0
login-demo/internal/logic/station.go:59.16,61.3 1 0
login-demo/internal/logic/station.go:62.2,62.23 1 0
login-demo/internal/logic/station.go:62.23,65.3 2 0
login-demo/internal/logic/station.go:66.2,66.8 1 0
login-demo/internal/logic/tenant.go:23.121,26.2 2 0
login-demo/internal/logic/tenant.go:28.99,33.2 4 0
login-demo/internal/logic/tenant.go:35.66,38.2 2 0
login-demo/internal/logic/tenant.go:40.79,44.2 3 0
login-demo/internal/logic/tenant.go:46.81,48.9 2 1
login-demo/internal/logic/tenant.go:48.9,51.3 2 1
login-demo/internal/logic/tenant.go:52.2,53.8 2 1
login-demo/internal/logic/tenant.go:56.100,58.16 2 0
login-demo/internal/logic/tenant.go:58.16,61.3 2 0
login-demo/internal/logic/tenant.go:62.2,62.22 1 0
login-demo/internal/logic/tenant.go:62.22,65.3 2 0
login-demo/internal/logic/tenant.go:66.2,67.8 2 0
login-demo/internal/logic/user.go:33.122,38.9 3 0
login-demo/internal/logic/user.go:39.18,40.21 1 0
login-demo/internal/logic/user.go:41.19,42.53 1 0
login-demo/internal/logic/user.go:43.10,46.17 2 0
login-demo/internal/logic/user.go:46.17,48.4 1 0
login-demo/internal/logic/user.go:50.3,50.24 1 0
login-demo/internal/logic/user.go:60.50,64.16 4 0
login-demo/internal/logic/user.go:64.16,67.3 2 0
login-demo/internal/logic/user.go:68.2,72.16 3 0
login-demo/internal/logic/user.go:72.16,74.72 2 0
login-demo/internal/logic/user.go:76.2,76.17 1 0
login-demo/internal/logic/user.go:76.17,83.3 1 0
login-demo/internal/logic/user.go:86.133,89.2 2 1
login-demo/internal/logic/user.go:91.92,93.31 2 0
login-demo/internal/logic/user.go:93.31,95.3 1 0
login-demo/internal/logic/user.go:96.2,96.29 1 0
login-demo/internal/logic/user.go:96.29,98.3 1 0
login-demo/internal/logic/user.go:99.2,100.8 2 0
login-demo/internal/logic/user.go:103.71,110.2 5 1
login-demo/internal/logic/user.go:112.82,113.75 1 0
login-demo/internal/logic/user.go:113.75,115.17 2 0
login-demo/internal/logic/user.go:115.17,117.4 1 0
login-demo/internal/logic/user.go:118.3,125.13 2 0
login-demo/internal/logic/user.go:127.2,127.8 1 0
login-demo/internal/logic/user.go:130.64,132.16 2 0
login-demo/internal/logic/user.go:132.16,134.3 1 0
login-demo/internal/logic/user.go:135.2,136.16 2 0
login-demo/internal/logic/user.go:136.16,138.3 1 0
login-demo/internal/logic/user.go:139.2,139.23 1 0
login-demo/internal/logic/user.go:139.23,142.3 2 0
login-demo/internal/logic/user.go:143.2,143.8 1 0
login-demo/internal/logic/user.go:146.73,151.16 4 0
login-demo/internal/logic/user.go:151.16,153.3 1 0
login-demo/internal/logic/user.go:154.2,155.16 2 0
login-demo/internal/logic/user.go:155.16,157.3 1 0
login-demo/internal/logic/user.go:158.2,158.23 1 0
login-demo/internal/logic/user.go:158.23,161.3 2 0
login-demo/internal/logic/user.go:162.2,162.8 1 0
login-demo/internal/logic/user.go:166.89,170.2 1 0
login-demo/internal/logic/user.go:173.89,175.9 2 1
login-demo/internal/logic/user.go:175.9,178.3 2 0
login-demo/internal/logic/user.go:179.2,180.16 2 1
login-demo/internal/logic/user.go:180.16,182.3 1 0
login-demo/internal/logic/user.go:183.2,183.16 1 1
login-demo/internal/logic/user.go:183.16,186.3 2 0
login-demo/internal/logic/user.go:187.2,188.8 2 1
login-demo/internal/logic/user_pay.go:25.130,28.2 2 0
login-demo/internal/logic/user_pay.go:30.85,32.16 2 0
login-demo/internal/logic/user_pay.go:32.16,34.3 1 0
login-demo/internal/logic/user_pay.go:35.2,36.16 2 0
login-demo/internal/logic/user_pay.go:36.16,39.3 2 0
login-demo/internal/logic/user_pay.go:40.2,40.16 1 0
login-demo/internal/logic/user_pay.go:40.16,42.3 1 0
login-demo/internal/logic/user_pay.go:43.2,45.26 3 0
login-demo/internal/logic/user_pay.go:45.26,48.3 2 0
login-demo/internal/logic/user_pay.go:48.8,56.3 3 0
login-demo/internal/logic/user_pay.go:57.2,57.16 1 0
login-demo/internal/logic/user_pay.go:57.16,59.3 1 0
login-demo/internal/logic/user_pay.go:60.2,64.16 5 0
login-demo/internal/logic/user_pay.go:64.16,66.3 1 0
login-demo/internal/logic/user_pay.go:67.2,68.16 2 0
login-demo/internal/logic/user_pay.go:68.16,70.3 1 0
login-demo/internal/logic/user_pay.go:71.2,73.8 3 0
login-demo/internal/logic/wx_login.go:32.98,34.9 2 0
login-demo/internal/logic/wx_login.go:34.9,38.17 4 0
login-demo/internal/logic/wx_login.go:38.17,41.4 2 0
login-demo/internal/logic/wx_login.go:42.3,44.17 3 0
login-demo/internal/logic/wx_login.go:44.17,47.4 2 0
login-demo/internal/logic/wx_login.go:48.3,52.17 4 0
login-demo/internal/logic/wx_login.go:52.17,54.4 1 0
login-demo/internal/logic/wx_login.go:55.3,55.24 1 0
login-demo/internal/logic/wx_login.go:55.24,59.4 3 0
login-demo/internal/logic/wx_login.go:60.3,61.20 2 0
login-demo/internal/logic/wx_login.go:62.8,64.3 1 0
login-demo/internal/logic/wx_login.go:95.77,102.16 4 0
login-demo/internal/logic/wx_login.go:102.16,103.13 1 0
login-demo/internal/logic/wx_login.go:105.2,109.37 4 0
login-demo/internal/logic/wx_login.go:114.129,116.16 2 0
login-demo/internal/logic/wx_login.go:116.16,118.3 1 0
login-demo/internal/logic/wx_login.go:119.2,127.16 6 0
login-demo/internal/logic/wx_login.go:127.16,128.13 1 0
login-demo/internal/logic/wx_login.go:130.2,133.16 4 0
login-demo/internal/logic/wx_login.go:133.16,135.3 1 0
login-demo/internal/logic/wx_login.go:136.2,136.30 1 0
login-demo/internal/logic/wx_login.go:136.30,138.3 1 0
login-demo/internal/logic/wx_login.go:139.2,139.16 1 0
login-demo/internal/logic/wx_login.go:139.16,140.13 1 0
login-demo/internal/logic/wx_login.go:142.2,142.26 1 0
login-demo/internal/logic/wx_login.go:145.77,148.2 2 0
login-demo/internal/logic/wx_login.go:156.98,158.8 2 0
login-demo/internal/logic/wx_login.go:158.8,159.29 1 0
login-demo/internal/logic/wx_login.go:159.29,161.4 1 0
login-demo/internal/logic/wx_login.go:163.2,163.41 1 0
login-demo/internal/logic/wx_login.go:167.136,168.75 1 1
login-demo/internal/logic/wx_login.go:168.75,177.17 3 1
login-demo/internal/logic/wx_login.go:177.17,179.4 1 0
login-demo/internal/logic/wx_login.go:182.3,194.17 3 1
login-demo/internal/logic/wx_login.go:194.17,196.4 1 0
login-demo/internal/logic/wx_login.go:199.3,207.17 3 1
login-demo/internal/logic/wx_login.go:207.17,209.4 1 0
login-demo/internal/logic/wx_login.go:210.3,210.13 1 1
login-demo/internal/logic/wx_login.go:212.2,212.16 1 1
login-demo/internal/logic/wx_login.go:212.16,214.3 1 0
login-demo/internal/logic/wx_login.go:217.2,218.16 2 1
login-demo/internal/logic/wx_login.go:218.16,220.3 1 0
login-demo/internal/logic/wx_login.go:222.2,222.19 1 1
login-demo/internal/logic/wx_user.go:13.95,16.16 3 0
login-demo/internal/logic/wx_user.go:16.16,18.3 1 0
login-demo/internal/logic/wx_user.go:19.2,19.19 1 0
login-demo/internal/packed/sql/parse.go:15.62,20.2 1 1
login-demo/internal/packed/sql/parse.go:30.78,34.41 4 1
login-demo/internal/packed/sql/parse.go:34.41,38.3 2 1
login-demo/internal/packed/sql/parse.go:38.8,38.132 1 1
login-demo/internal/packed/sql/parse.go:38.132,44.62 6 1
login-demo/internal/packed/sql/parse.go:44.62,46.4 1 1
login-demo/internal/packed/sql/parse.go:47.3,47.62 1 1
login-demo/internal/packed/sql/parse.go:47.62,49.4 1 0
login-demo/internal/packed/sql/parse.go:50.8,53.3 2 1
login-demo/internal/packed/sql/parse.go:54.2,60.10 6 1
login-demo/internal/packed/sql/parse.go:68.83,73.2 3 1
login-demo/internal/packed/sql/parse.go:79.37,81.2 1 1
login-demo/internal/packed/sql/parse.go:87.45,89.2 1 1
login-demo/internal/controller/saas/audit_log.go:14.113,23.2 4 1
login-demo/internal/controller/saas/charge_order.go:16.119,32.36 5 1
login-demo/internal/controller/saas/charge_order.go:32.36,50.3 2 1
login-demo/internal/controller/saas/charge_order.go:51.2,52.8 2 1
login-demo/internal/controller/saas/charge_order.go:56.130,65.2 3 1
login-demo/internal/controller/saas/charge_price.go:16.119,20.43 4 1
login-demo/internal/controller/saas/charge_price.go:20.43,30.3 1 1
login-demo/internal/controller/saas/charge_price.go:31.2,32.8 2 1
login-demo/internal/controller/saas/charge_price.go:36.121,44.2 3 1
login-demo/internal/controller/saas/charge_price.go:47.121,50.2 2 1
login-demo/internal/controller/saas/charge_price.go:53.130,62.2 3 1
login-demo/internal/controller/saas/login.go:16.91,18.16 2 1
login-demo/internal/controller/saas/login.go:18.16,20.3 1 1
login-demo/internal/controller/saas/login.go:21.2,25.8 2 1
login-demo/internal/controller/saas/login.go:28.97,30.16 2 1
login-demo/internal/controller/saas/login.go:30.16,32.3 1 1
login-demo/internal/controller/saas/login.go:33.2,37.8 3 1
login-demo/internal/controller/saas/permission.go:19.122,23.9 4 1
login-demo/internal/controller/saas/permission.go:23.9,25.3 1 0
login-demo/internal/controller/saas/permission.go:26.2,26.19 1 1
login-demo/internal/controller/saas/permission.go:26.19,28.27 2 1
login-demo/internal/controller/saas/permission.go:28.27,29.35 1 1
login-demo/internal/controller/saas/permission.go:29.35,31.5 1 1
login-demo/internal/controller/saas/permission.go:33.3,36.12 4 1
login-demo/internal/controller/saas/permission.go:38.2,38.8 1 1
login-demo/internal/controller/saas/permission.go:41.121,47.2 2 1
login-demo/internal/controller/saas/permission.go:49.141,51.16 2 1
login-demo/internal/controller/saas/permission.go:51.16,53.3 1 0
login-demo/internal/controller/saas/permission.go:54.2,55.16 2 1
login-demo/internal/controller/saas/permission.go:55.16,57.3 1 0
login-demo/internal/controller/saas/permission.go:58.2,61.8 2 1
login-demo/internal/controller/saas/pile.go:16.105,24.29 5 1
login-demo/internal/controller/saas/pile.go:24.29,34.3 1 1
login-demo/internal/controller/saas/pile.go:35.2,36.8 2 1
login-demo/internal/controller/saas/pile.go:40.100,48.2 3 1
login-demo/internal/controller/saas/pile.go:51.100,54.2 2 1
login-demo/internal/controller/saas/pile.go:56.109,66.2 3 1
login-demo/internal/controller/saas/role.go:19.105,23.29 4 1
login-demo/internal/controller/saas/role.go:23.29,34.3 2 1
login-demo/internal/controller/saas/role.go:35.2,36.8 2 1
login-demo/internal/controller/saas/role.go:40.100,41.20 1 1
login-demo/internal/controller/saas/role.go:41.20,44.3 2 1
login-demo/internal/controller/saas/role.go:45.2,46.9 2 1
login-demo/internal/controller/saas/role.go:46.9,49.3 2 0
login-demo/internal/controller/saas/role.go:50.2,55.8 3 1
login-demo/internal/controller/saas/role.go:59.100,60.17 1 1
login-demo/internal/controller/saas/role.go:60.17,63.3 2 1
login-demo/internal/controller/saas/role.go:64.2,65.8 2 1
login-demo/internal/controller/saas/role.go:68.109,69.17 1 1
login-demo/internal/controller/saas/role.go:69.17,72.3 2 1
login-demo/internal/controller/saas/role.go:73.2,78.8 3 1
login-demo/internal/controller/saas/station.go:16.111,24.35 5 1
login-demo/internal/controller/saas/station.go:24.35,34.3 1 1
login-demo/internal/controller/saas/station.go:35.2,36.8 2 1
login-demo/internal/controller/saas/station.go:40.109,48.2 3 1
login-demo/internal/controller/saas/station.go:51.109,54.2 2 1
login-demo/internal/controller/saas/station.go:56.118,66.2 3 1
login-demo/internal/controller/saas/user.go:14.105,19.29 4 1
login-demo/internal/controller/saas/user.go:19.29,29.3 2 1
login-demo/internal/controller/saas/user.go:30.2,31.8 2 1
login-demo/internal/controller/saas/user.go:35.100,42.16 3 1
login-demo/internal/controller/saas/user.go:42.16,44.3 1 1
login-demo/internal/controller/saas/user.go:45.2,46.8 2 1
login-demo/internal/controller/saas/user.go:50.100,53.2 2 1
login-demo/internal/controller/saas/user.go:55.109,65.2 3 1
login-demo/internal/controller/saas/user_pay.go:17.113,22.32 4 1
login-demo/internal/controller/saas/user_pay.go:22.32,34.3 1 1
login-demo/internal/controller/saas/user_pay.go:35.2,36.8 2 1
login-demo/internal/controller/saas/user_pay.go:40.103,47.2 3 1
